2022-05-06 09:16:00,008 INFO    Thread-712:14504 [wandb_setup.py:_flush():76] Loading settings from C:\Users\Tim de Boer\.config\wandb\settings
2022-05-06 09:16:00,008 INFO    Thread-712:14504 [wandb_setup.py:_flush():76] Loading settings from wandb\settings
2022-05-06 09:16:00,008 INFO    Thread-712:14504 [wandb_setup.py:_flush():76] Loading settings from environment variables: {'project': 'hp-sweeps-CNN-1trialpersubject_fullrun', 'entity': 'timm877', 'root_dir': 'C:\\Users\\Tim de Boer\\Documents\\VU\\Master_Artificial_Intelligence\\9_BCI_MasterProject\\BCI_Code\\unicorn_MI_BCI', 'run_id': 'ccufq9gb', 'sweep_param_path': 'C:\\Users\\Tim de Boer\\Documents\\VU\\Master_Artificial_Intelligence\\9_BCI_MasterProject\\BCI_Code\\unicorn_MI_BCI\\wandb\\sweep-t0tmnu8n\\config-ccufq9gb.yaml', 'sweep_id': 't0tmnu8n'}
2022-05-06 09:16:00,008 INFO    Thread-712:14504 [wandb_setup.py:_flush():76] Inferring run settings from compute environment: {'program_relpath': 'scripts\\3_TL.py', 'program': 'C:\\Users\\Tim de Boer\\Documents\\VU\\Master_Artificial_Intelligence\\9_BCI_MasterProject\\BCI_Code\\unicorn_MI_BCI\\scripts\\3_TL.py'}
2022-05-06 09:16:00,008 INFO    Thread-712:14504 [wandb_init.py:_log_setup():428] Logging user logs to C:\Users\Tim de Boer\Documents\VU\Master_Artificial_Intelligence\9_BCI_MasterProject\BCI_Code\unicorn_MI_BCI\wandb\run-20220506_091600-ccufq9gb\logs\debug.log
2022-05-06 09:16:00,008 INFO    Thread-712:14504 [wandb_init.py:_log_setup():429] Logging internal logs to C:\Users\Tim de Boer\Documents\VU\Master_Artificial_Intelligence\9_BCI_MasterProject\BCI_Code\unicorn_MI_BCI\wandb\run-20220506_091600-ccufq9gb\logs\debug-internal.log
2022-05-06 09:16:00,008 INFO    Thread-712:14504 [wandb_init.py:init():462] calling init triggers
2022-05-06 09:16:00,008 INFO    Thread-712:14504 [wandb_init.py:init():465] wandb.init called with sweep_config: {'activation_type': 'relu', 'batch_size': 256, 'dropout': 0.3, 'epochs': 25, 'filter_sizing': 30, 'learning_rate': 0.01, 'mean_pool': 50, 'receptive_field': 75, 'seed': 42}
config: {}
2022-05-06 09:16:00,008 INFO    Thread-712:14504 [wandb_init.py:init():515] starting backend
2022-05-06 09:16:00,008 INFO    Thread-712:14504 [backend.py:_multiprocessing_setup():97] multiprocessing start_methods=spawn, using: spawn
2022-05-06 09:16:00,036 INFO    Thread-712:14504 [backend.py:ensure_launched():217] starting backend process...
2022-05-06 09:16:00,211 INFO    Thread-712:14504 [backend.py:ensure_launched():222] started backend process with pid: 6664
2022-05-06 09:16:00,211 INFO    Thread-712:14504 [wandb_init.py:init():525] backend started and connected
2022-05-06 09:16:00,227 INFO    Thread-712:14504 [wandb_init.py:init():596] updated telemetry
2022-05-06 09:16:00,321 INFO    Thread-712:14504 [wandb_init.py:init():627] communicating run to backend with 30 second timeout
2022-05-06 09:16:03,944 INFO    Thread-712:14504 [wandb_run.py:_on_init():1924] communicating current version
2022-05-06 09:16:04,077 INFO    Thread-712:14504 [wandb_run.py:_on_init():1928] got version response 
2022-05-06 09:16:04,077 INFO    Thread-712:14504 [wandb_init.py:init():662] starting run threads in backend
2022-05-06 09:16:09,084 INFO    Thread-712:14504 [wandb_run.py:_config_callback():1136] config_cb None None {'activation_type': 'relu', 'batch_size': 256, 'dropout': 0.3, 'epochs': 25, 'filter_sizing': 30, 'learning_rate': 0.01, 'mean_pool': 50, 'receptive_field': 75, 'seed': 42}
2022-05-06 09:16:09,110 INFO    Thread-712:14504 [wandb_run.py:_console_start():1898] atexit reg
2022-05-06 09:16:09,110 INFO    Thread-712:14504 [wandb_run.py:_redirect():1771] redirect: SettingsConsole.WRAP
2022-05-06 09:16:09,110 INFO    Thread-712:14504 [wandb_run.py:_redirect():1808] Wrapping output streams.
2022-05-06 09:16:09,110 INFO    Thread-712:14504 [wandb_run.py:_redirect():1832] Redirects installed.
2022-05-06 09:16:09,110 INFO    Thread-712:14504 [wandb_init.py:init():688] run started, returning control to user process
2022-05-06 09:16:13,793 INFO    Thread-712:14504 [wandb_watch.py:watch():47] Watching
2022-05-06 09:29:46,506 ERROR   Thread-7  :14504 [retry.py:__call__():126] Retry attempt failed:
Traceback (most recent call last):
  File "C:\Users\Tim de Boer\anaconda3\envs\UnicornBCI\lib\site-packages\urllib3\connection.py", line 158, in _new_conn
    conn = connection.create_connection(
  File "C:\Users\Tim de Boer\anaconda3\envs\UnicornBCI\lib\site-packages\urllib3\util\connection.py", line 57, in create_connection
    for res in socket.getaddrinfo(host, port, family, socket.SOCK_STREAM):
  File "C:\Users\Tim de Boer\anaconda3\envs\UnicornBCI\lib\socket.py", line 954, in getaddrinfo
    for res in _socket.getaddrinfo(host, port, family, type, proto, flags):
socket.gaierror: [Errno 11001] getaddrinfo failed

During handling of the above exception, another exception occurred:

Traceback (most recent call last):
  File "C:\Users\Tim de Boer\anaconda3\envs\UnicornBCI\lib\site-packages\urllib3\connectionpool.py", line 597, in urlopen
    httplib_response = self._make_request(conn, method, url,
  File "C:\Users\Tim de Boer\anaconda3\envs\UnicornBCI\lib\site-packages\urllib3\connectionpool.py", line 343, in _make_request
    self._validate_conn(conn)
  File "C:\Users\Tim de Boer\anaconda3\envs\UnicornBCI\lib\site-packages\urllib3\connectionpool.py", line 839, in _validate_conn
    conn.connect()
  File "C:\Users\Tim de Boer\anaconda3\envs\UnicornBCI\lib\site-packages\urllib3\connection.py", line 301, in connect
    conn = self._new_conn()
  File "C:\Users\Tim de Boer\anaconda3\envs\UnicornBCI\lib\site-packages\urllib3\connection.py", line 167, in _new_conn
    raise NewConnectionError(
urllib3.exceptions.NewConnectionError: <urllib3.connection.VerifiedHTTPSConnection object at 0x000001501679BE50>: Failed to establish a new connection: [Errno 11001] getaddrinfo failed

During handling of the above exception, another exception occurred:

Traceback (most recent call last):
  File "C:\Users\Tim de Boer\anaconda3\envs\UnicornBCI\lib\site-packages\requests\adapters.py", line 439, in send
    resp = conn.urlopen(
  File "C:\Users\Tim de Boer\anaconda3\envs\UnicornBCI\lib\site-packages\urllib3\connectionpool.py", line 637, in urlopen
    retries = retries.increment(method, url, error=e, _pool=self,
  File "C:\Users\Tim de Boer\anaconda3\envs\UnicornBCI\lib\site-packages\urllib3\util\retry.py", line 399, in increment
    raise MaxRetryError(_pool, url, error or ResponseError(cause))
urllib3.exceptions.MaxRetryError: HTTPSConnectionPool(host='api.wandb.ai', port=443): Max retries exceeded with url: /graphql (Caused by NewConnectionError('<urllib3.connection.VerifiedHTTPSConnection object at 0x000001501679BE50>: Failed to establish a new connection: [Errno 11001] getaddrinfo failed'))

During handling of the above exception, another exception occurred:

Traceback (most recent call last):
  File "C:\Users\Tim de Boer\anaconda3\envs\UnicornBCI\lib\site-packages\wandb\sdk\lib\retry.py", line 102, in __call__
    result = self._call_fn(*args, **kwargs)
  File "C:\Users\Tim de Boer\anaconda3\envs\UnicornBCI\lib\site-packages\wandb\sdk\internal\internal_api.py", line 140, in execute
    return self.client.execute(*args, **kwargs)
  File "C:\Users\Tim de Boer\anaconda3\envs\UnicornBCI\lib\site-packages\wandb\vendor\gql-0.2.0\wandb_gql\client.py", line 52, in execute
    result = self._get_result(document, *args, **kwargs)
  File "C:\Users\Tim de Boer\anaconda3\envs\UnicornBCI\lib\site-packages\wandb\vendor\gql-0.2.0\wandb_gql\client.py", line 60, in _get_result
    return self.transport.execute(document, *args, **kwargs)
  File "C:\Users\Tim de Boer\anaconda3\envs\UnicornBCI\lib\site-packages\wandb\vendor\gql-0.2.0\wandb_gql\transport\requests.py", line 38, in execute
    request = requests.post(self.url, **post_args)
  File "C:\Users\Tim de Boer\anaconda3\envs\UnicornBCI\lib\site-packages\requests\api.py", line 116, in post
    return request('post', url, data=data, json=json, **kwargs)
  File "C:\Users\Tim de Boer\anaconda3\envs\UnicornBCI\lib\site-packages\requests\api.py", line 60, in request
    return session.request(method=method, url=url, **kwargs)
  File "C:\Users\Tim de Boer\anaconda3\envs\UnicornBCI\lib\site-packages\requests\sessions.py", line 533, in request
    resp = self.send(prep, **send_kwargs)
  File "C:\Users\Tim de Boer\anaconda3\envs\UnicornBCI\lib\site-packages\requests\sessions.py", line 646, in send
    r = adapter.send(request, **kwargs)
  File "C:\Users\Tim de Boer\anaconda3\envs\UnicornBCI\lib\site-packages\requests\adapters.py", line 516, in send
    raise ConnectionError(e, request=request)
requests.exceptions.ConnectionError: HTTPSConnectionPool(host='api.wandb.ai', port=443): Max retries exceeded with url: /graphql (Caused by NewConnectionError('<urllib3.connection.VerifiedHTTPSConnection object at 0x000001501679BE50>: Failed to establish a new connection: [Errno 11001] getaddrinfo failed'))
2022-05-06 09:33:40,621 INFO    Thread-712:14504 [wandb_run.py:_finish():1685] finishing run timm877/hp-sweeps-CNN-1trialpersubject_fullrun/ccufq9gb
2022-05-06 09:33:40,621 INFO    Thread-712:14504 [wandb_run.py:_atexit_cleanup():1867] got exitcode: 0
2022-05-06 09:33:40,630 INFO    Thread-712:14504 [wandb_run.py:_restore():1839] restore
2022-05-06 09:33:46,165 INFO    Thread-712:14504 [wandb_run.py:_on_finish():1996] got exit ret: None
2022-05-06 09:33:51,295 INFO    Thread-712:14504 [wandb_run.py:_on_finish():1996] got exit ret: None
2022-05-06 09:33:56,400 INFO    Thread-712:14504 [wandb_run.py:_on_finish():1996] got exit ret: None
2022-05-06 09:34:01,512 INFO    Thread-712:14504 [wandb_run.py:_on_finish():1996] got exit ret: None
2022-05-06 09:34:06,651 INFO    Thread-712:14504 [wandb_run.py:_on_finish():1996] got exit ret: None
2022-05-06 09:34:11,760 INFO    Thread-712:14504 [wandb_run.py:_on_finish():1996] got exit ret: None
2022-05-06 09:34:16,871 INFO    Thread-712:14504 [wandb_run.py:_on_finish():1996] got exit ret: None
2022-05-06 09:34:21,997 INFO    Thread-712:14504 [wandb_run.py:_on_finish():1996] got exit ret: None
2022-05-06 09:34:27,106 INFO    Thread-712:14504 [wandb_run.py:_on_finish():1996] got exit ret: None
2022-05-06 09:34:32,225 INFO    Thread-712:14504 [wandb_run.py:_on_finish():1996] got exit ret: None
2022-05-06 09:34:37,337 INFO    Thread-712:14504 [wandb_run.py:_on_finish():1996] got exit ret: None
2022-05-06 09:34:42,451 INFO    Thread-712:14504 [wandb_run.py:_on_finish():1996] got exit ret: None
2022-05-06 09:34:47,554 INFO    Thread-712:14504 [wandb_run.py:_on_finish():1996] got exit ret: None
2022-05-06 09:34:52,659 INFO    Thread-712:14504 [wandb_run.py:_on_finish():1996] got exit ret: None
2022-05-06 09:34:57,776 INFO    Thread-712:14504 [wandb_run.py:_on_finish():1996] got exit ret: None
2022-05-06 09:35:02,882 INFO    Thread-712:14504 [wandb_run.py:_on_finish():1996] got exit ret: None
2022-05-06 09:35:07,998 INFO    Thread-712:14504 [wandb_run.py:_on_finish():1996] got exit ret: None
2022-05-06 09:35:13,120 INFO    Thread-712:14504 [wandb_run.py:_on_finish():1996] got exit ret: None
2022-05-06 09:35:18,238 INFO    Thread-712:14504 [wandb_run.py:_on_finish():1996] got exit ret: None
2022-05-06 09:35:23,346 INFO    Thread-712:14504 [wandb_run.py:_on_finish():1996] got exit ret: None
2022-05-06 09:35:28,455 INFO    Thread-712:14504 [wandb_run.py:_on_finish():1996] got exit ret: None
2022-05-06 09:35:33,586 INFO    Thread-712:14504 [wandb_run.py:_on_finish():1996] got exit ret: None
2022-05-06 09:35:38,698 INFO    Thread-712:14504 [wandb_run.py:_on_finish():1996] got exit ret: None
2022-05-06 09:35:43,822 INFO    Thread-712:14504 [wandb_run.py:_on_finish():1996] got exit ret: None
2022-05-06 09:35:48,943 INFO    Thread-712:14504 [wandb_run.py:_on_finish():1996] got exit ret: None
2022-05-06 09:35:54,063 INFO    Thread-712:14504 [wandb_run.py:_on_finish():1996] got exit ret: None
2022-05-06 09:35:59,181 INFO    Thread-712:14504 [wandb_run.py:_on_finish():1996] got exit ret: None
2022-05-06 09:36:04,300 INFO    Thread-712:14504 [wandb_run.py:_on_finish():1996] got exit ret: None
2022-05-06 09:36:09,416 INFO    Thread-712:14504 [wandb_run.py:_on_finish():1996] got exit ret: None
2022-05-06 09:36:14,534 INFO    Thread-712:14504 [wandb_run.py:_on_finish():1996] got exit ret: None
2022-05-06 09:36:19,645 INFO    Thread-712:14504 [wandb_run.py:_on_finish():1996] got exit ret: None
2022-05-06 09:36:24,757 INFO    Thread-712:14504 [wandb_run.py:_on_finish():1996] got exit ret: None
2022-05-06 09:36:29,882 INFO    Thread-712:14504 [wandb_run.py:_on_finish():1996] got exit ret: None
2022-05-06 09:36:35,012 INFO    Thread-712:14504 [wandb_run.py:_on_finish():1996] got exit ret: None
2022-05-06 09:36:40,138 INFO    Thread-712:14504 [wandb_run.py:_on_finish():1996] got exit ret: None
2022-05-06 09:36:45,265 INFO    Thread-712:14504 [wandb_run.py:_on_finish():1996] got exit ret: None
2022-05-06 09:36:50,387 INFO    Thread-712:14504 [wandb_run.py:_on_finish():1996] got exit ret: None
2022-05-06 09:36:55,508 INFO    Thread-712:14504 [wandb_run.py:_on_finish():1996] got exit ret: None
2022-05-06 09:37:00,628 INFO    Thread-712:14504 [wandb_run.py:_on_finish():1996] got exit ret: None
2022-05-06 09:37:05,741 INFO    Thread-712:14504 [wandb_run.py:_on_finish():1996] got exit ret: None
2022-05-06 09:37:10,869 INFO    Thread-712:14504 [wandb_run.py:_on_finish():1996] got exit ret: None
2022-05-06 09:37:15,980 INFO    Thread-712:14504 [wandb_run.py:_on_finish():1996] got exit ret: None
2022-05-06 09:37:21,099 INFO    Thread-712:14504 [wandb_run.py:_on_finish():1996] got exit ret: None
2022-05-06 09:37:26,234 INFO    Thread-712:14504 [wandb_run.py:_on_finish():1996] got exit ret: None
2022-05-06 09:37:31,360 INFO    Thread-712:14504 [wandb_run.py:_on_finish():1996] got exit ret: None
2022-05-06 09:37:36,488 INFO    Thread-712:14504 [wandb_run.py:_on_finish():1996] got exit ret: None
2022-05-06 09:37:41,597 INFO    Thread-712:14504 [wandb_run.py:_on_finish():1996] got exit ret: None
2022-05-06 09:37:46,711 INFO    Thread-712:14504 [wandb_run.py:_on_finish():1996] got exit ret: None
2022-05-06 09:37:51,831 INFO    Thread-712:14504 [wandb_run.py:_on_finish():1996] got exit ret: None
2022-05-06 09:37:56,947 INFO    Thread-712:14504 [wandb_run.py:_on_finish():1996] got exit ret: None
2022-05-06 09:38:02,066 INFO    Thread-712:14504 [wandb_run.py:_on_finish():1996] got exit ret: None
2022-05-06 09:38:07,185 INFO    Thread-712:14504 [wandb_run.py:_on_finish():1996] got exit ret: None
2022-05-06 09:38:12,315 INFO    Thread-712:14504 [wandb_run.py:_on_finish():1996] got exit ret: None
2022-05-06 09:38:17,431 INFO    Thread-712:14504 [wandb_run.py:_on_finish():1996] got exit ret: None
2022-05-06 09:38:22,555 INFO    Thread-712:14504 [wandb_run.py:_on_finish():1996] got exit ret: None
2022-05-06 09:38:27,674 INFO    Thread-712:14504 [wandb_run.py:_on_finish():1996] got exit ret: None
2022-05-06 09:38:32,797 INFO    Thread-712:14504 [wandb_run.py:_on_finish():1996] got exit ret: None
2022-05-06 09:38:37,914 INFO    Thread-712:14504 [wandb_run.py:_on_finish():1996] got exit ret: None
2022-05-06 09:38:43,048 INFO    Thread-712:14504 [wandb_run.py:_on_finish():1996] got exit ret: None
2022-05-06 09:38:48,162 INFO    Thread-712:14504 [wandb_run.py:_on_finish():1996] got exit ret: None
2022-05-06 09:38:53,289 INFO    Thread-712:14504 [wandb_run.py:_on_finish():1996] got exit ret: None
2022-05-06 09:38:58,403 INFO    Thread-712:14504 [wandb_run.py:_on_finish():1996] got exit ret: None
2022-05-06 09:39:03,508 INFO    Thread-712:14504 [wandb_run.py:_on_finish():1996] got exit ret: None
2022-05-06 09:39:08,620 INFO    Thread-712:14504 [wandb_run.py:_on_finish():1996] got exit ret: None
2022-05-06 09:39:13,755 INFO    Thread-712:14504 [wandb_run.py:_on_finish():1996] got exit ret: None
2022-05-06 09:39:18,858 INFO    Thread-712:14504 [wandb_run.py:_on_finish():1996] got exit ret: None
2022-05-06 09:39:23,970 INFO    Thread-712:14504 [wandb_run.py:_on_finish():1996] got exit ret: None
2022-05-06 09:39:29,083 INFO    Thread-712:14504 [wandb_run.py:_on_finish():1996] got exit ret: None
2022-05-06 09:39:34,204 INFO    Thread-712:14504 [wandb_run.py:_on_finish():1996] got exit ret: None
2022-05-06 09:39:39,332 INFO    Thread-712:14504 [wandb_run.py:_on_finish():1996] got exit ret: None
2022-05-06 09:39:44,469 INFO    Thread-712:14504 [wandb_run.py:_on_finish():1996] got exit ret: None
2022-05-06 09:39:49,583 INFO    Thread-712:14504 [wandb_run.py:_on_finish():1996] got exit ret: None
2022-05-06 09:39:54,702 INFO    Thread-712:14504 [wandb_run.py:_on_finish():1996] got exit ret: None
2022-05-06 09:39:59,819 INFO    Thread-712:14504 [wandb_run.py:_on_finish():1996] got exit ret: None
2022-05-06 09:40:04,932 INFO    Thread-712:14504 [wandb_run.py:_on_finish():1996] got exit ret: None
2022-05-06 09:40:10,043 INFO    Thread-712:14504 [wandb_run.py:_on_finish():1996] got exit ret: None
2022-05-06 09:40:15,168 INFO    Thread-712:14504 [wandb_run.py:_on_finish():1996] got exit ret: None
2022-05-06 09:40:20,286 INFO    Thread-712:14504 [wandb_run.py:_on_finish():1996] got exit ret: None
2022-05-06 09:40:25,404 INFO    Thread-712:14504 [wandb_run.py:_on_finish():1996] got exit ret: None
2022-05-06 09:40:30,538 INFO    Thread-712:14504 [wandb_run.py:_on_finish():1996] got exit ret: None
2022-05-06 09:40:35,651 INFO    Thread-712:14504 [wandb_run.py:_on_finish():1996] got exit ret: None
2022-05-06 09:40:40,759 INFO    Thread-712:14504 [wandb_run.py:_on_finish():1996] got exit ret: None
2022-05-06 09:40:45,882 INFO    Thread-712:14504 [wandb_run.py:_on_finish():1996] got exit ret: None
2022-05-06 09:40:51,001 INFO    Thread-712:14504 [wandb_run.py:_on_finish():1996] got exit ret: None
2022-05-06 09:40:56,107 INFO    Thread-712:14504 [wandb_run.py:_on_finish():1996] got exit ret: None
2022-05-06 09:41:01,220 INFO    Thread-712:14504 [wandb_run.py:_on_finish():1996] got exit ret: None
2022-05-06 09:41:06,352 INFO    Thread-712:14504 [wandb_run.py:_on_finish():1996] got exit ret: None
2022-05-06 09:41:11,478 INFO    Thread-712:14504 [wandb_run.py:_on_finish():1996] got exit ret: None
2022-05-06 09:41:16,596 INFO    Thread-712:14504 [wandb_run.py:_on_finish():1996] got exit ret: None
2022-05-06 09:41:21,704 INFO    Thread-712:14504 [wandb_run.py:_on_finish():1996] got exit ret: None
2022-05-06 09:41:26,831 INFO    Thread-712:14504 [wandb_run.py:_on_finish():1996] got exit ret: None
2022-05-06 09:41:31,954 INFO    Thread-712:14504 [wandb_run.py:_on_finish():1996] got exit ret: None
2022-05-06 09:41:37,072 INFO    Thread-712:14504 [wandb_run.py:_on_finish():1996] got exit ret: None
2022-05-06 09:41:42,197 INFO    Thread-712:14504 [wandb_run.py:_on_finish():1996] got exit ret: None
2022-05-06 09:41:47,311 INFO    Thread-712:14504 [wandb_run.py:_on_finish():1996] got exit ret: None
2022-05-06 09:41:52,440 INFO    Thread-712:14504 [wandb_run.py:_on_finish():1996] got exit ret: None
2022-05-06 09:41:57,558 INFO    Thread-712:14504 [wandb_run.py:_on_finish():1996] got exit ret: None
2022-05-06 09:42:02,669 INFO    Thread-712:14504 [wandb_run.py:_on_finish():1996] got exit ret: None
2022-05-06 09:42:07,778 INFO    Thread-712:14504 [wandb_run.py:_on_finish():1996] got exit ret: None
2022-05-06 09:42:12,908 INFO    Thread-712:14504 [wandb_run.py:_on_finish():1996] got exit ret: None
2022-05-06 09:42:18,019 INFO    Thread-712:14504 [wandb_run.py:_on_finish():1996] got exit ret: None
2022-05-06 09:42:23,131 INFO    Thread-712:14504 [wandb_run.py:_on_finish():1996] got exit ret: None
2022-05-06 09:42:28,247 INFO    Thread-712:14504 [wandb_run.py:_on_finish():1996] got exit ret: None
2022-05-06 09:42:33,362 INFO    Thread-712:14504 [wandb_run.py:_on_finish():1996] got exit ret: None
2022-05-06 09:42:38,490 INFO    Thread-712:14504 [wandb_run.py:_on_finish():1996] got exit ret: None
2022-05-06 09:42:43,604 INFO    Thread-712:14504 [wandb_run.py:_on_finish():1996] got exit ret: None
2022-05-06 09:42:48,729 INFO    Thread-712:14504 [wandb_run.py:_on_finish():1996] got exit ret: None
2022-05-06 09:42:53,840 INFO    Thread-712:14504 [wandb_run.py:_on_finish():1996] got exit ret: None
2022-05-06 09:42:58,948 INFO    Thread-712:14504 [wandb_run.py:_on_finish():1996] got exit ret: None
2022-05-06 09:43:04,066 INFO    Thread-712:14504 [wandb_run.py:_on_finish():1996] got exit ret: None
2022-05-06 09:43:09,177 INFO    Thread-712:14504 [wandb_run.py:_on_finish():1996] got exit ret: None
2022-05-06 09:43:14,294 INFO    Thread-712:14504 [wandb_run.py:_on_finish():1996] got exit ret: None
2022-05-06 09:43:19,415 INFO    Thread-712:14504 [wandb_run.py:_on_finish():1996] got exit ret: None
2022-05-06 09:43:24,537 INFO    Thread-712:14504 [wandb_run.py:_on_finish():1996] got exit ret: None
2022-05-06 09:43:29,647 INFO    Thread-712:14504 [wandb_run.py:_on_finish():1996] got exit ret: None
2022-05-06 09:43:34,760 INFO    Thread-712:14504 [wandb_run.py:_on_finish():1996] got exit ret: None
2022-05-06 09:43:39,873 INFO    Thread-712:14504 [wandb_run.py:_on_finish():1996] got exit ret: None
2022-05-06 09:43:45,003 INFO    Thread-712:14504 [wandb_run.py:_on_finish():1996] got exit ret: None
2022-05-06 09:43:50,127 INFO    Thread-712:14504 [wandb_run.py:_on_finish():1996] got exit ret: None
2022-05-06 09:43:55,240 INFO    Thread-712:14504 [wandb_run.py:_on_finish():1996] got exit ret: None
2022-05-06 09:44:00,365 INFO    Thread-712:14504 [wandb_run.py:_on_finish():1996] got exit ret: None
2022-05-06 09:44:05,485 INFO    Thread-712:14504 [wandb_run.py:_on_finish():1996] got exit ret: None
2022-05-06 09:44:10,606 INFO    Thread-712:14504 [wandb_run.py:_on_finish():1996] got exit ret: None
2022-05-06 09:44:15,713 INFO    Thread-712:14504 [wandb_run.py:_on_finish():1996] got exit ret: None
2022-05-06 09:44:20,827 INFO    Thread-712:14504 [wandb_run.py:_on_finish():1996] got exit ret: None
2022-05-06 09:44:25,948 INFO    Thread-712:14504 [wandb_run.py:_on_finish():1996] got exit ret: None
2022-05-06 09:44:31,068 INFO    Thread-712:14504 [wandb_run.py:_on_finish():1996] got exit ret: None
2022-05-06 09:44:36,179 INFO    Thread-712:14504 [wandb_run.py:_on_finish():1996] got exit ret: None
2022-05-06 09:44:41,298 INFO    Thread-712:14504 [wandb_run.py:_on_finish():1996] got exit ret: None
2022-05-06 09:44:46,431 INFO    Thread-712:14504 [wandb_run.py:_on_finish():1996] got exit ret: None
2022-05-06 09:44:51,544 INFO    Thread-712:14504 [wandb_run.py:_on_finish():1996] got exit ret: None
2022-05-06 09:44:56,680 INFO    Thread-712:14504 [wandb_run.py:_on_finish():1996] got exit ret: None
2022-05-06 09:45:01,810 INFO    Thread-712:14504 [wandb_run.py:_on_finish():1996] got exit ret: None
2022-05-06 09:45:06,933 INFO    Thread-712:14504 [wandb_run.py:_on_finish():1996] got exit ret: None
2022-05-06 09:45:12,055 INFO    Thread-712:14504 [wandb_run.py:_on_finish():1996] got exit ret: None
2022-05-06 09:45:17,162 INFO    Thread-712:14504 [wandb_run.py:_on_finish():1996] got exit ret: None
2022-05-06 09:45:22,286 INFO    Thread-712:14504 [wandb_run.py:_on_finish():1996] got exit ret: None
2022-05-06 09:45:27,398 INFO    Thread-712:14504 [wandb_run.py:_on_finish():1996] got exit ret: None
2022-05-06 09:45:32,509 INFO    Thread-712:14504 [wandb_run.py:_on_finish():1996] got exit ret: None
2022-05-06 09:45:37,638 INFO    Thread-712:14504 [wandb_run.py:_on_finish():1996] got exit ret: None
2022-05-06 09:45:42,748 INFO    Thread-712:14504 [wandb_run.py:_on_finish():1996] got exit ret: None
2022-05-06 09:45:45,051 INFO    Thread-712:14504 [wandb_run.py:_on_finish():1996] got exit ret: file_counts {
  wandb_count: 1
}
pusher_stats {
  uploaded_bytes: 1000
  total_bytes: 1000
}

2022-05-06 09:45:45,375 INFO    Thread-712:14504 [wandb_run.py:_on_finish():1996] got exit ret: file_counts {
  wandb_count: 1
}
pusher_stats {
  uploaded_bytes: 1000
  total_bytes: 1000
}

2022-05-06 09:45:45,498 INFO    Thread-712:14504 [wandb_run.py:_on_finish():1996] got exit ret: file_counts {
  wandb_count: 6
}
pusher_stats {
  uploaded_bytes: 1000
  total_bytes: 27975
}

2022-05-06 09:45:45,607 INFO    Thread-712:14504 [wandb_run.py:_on_finish():1996] got exit ret: file_counts {
  wandb_count: 6
}
pusher_stats {
  uploaded_bytes: 1000
  total_bytes: 27975
}

2022-05-06 09:45:45,729 INFO    Thread-712:14504 [wandb_run.py:_on_finish():1996] got exit ret: file_counts {
  wandb_count: 6
}
pusher_stats {
  uploaded_bytes: 1000
  total_bytes: 27975
}

2022-05-06 09:45:45,840 INFO    Thread-712:14504 [wandb_run.py:_on_finish():1996] got exit ret: file_counts {
  wandb_count: 6
}
pusher_stats {
  uploaded_bytes: 8147
  total_bytes: 27975
}

2022-05-06 09:45:45,952 INFO    Thread-712:14504 [wandb_run.py:_on_finish():1996] got exit ret: file_counts {
  wandb_count: 6
}
pusher_stats {
  uploaded_bytes: 27167
  total_bytes: 27975
}

2022-05-06 09:45:46,067 INFO    Thread-712:14504 [wandb_run.py:_on_finish():1996] got exit ret: file_counts {
  wandb_count: 6
}
pusher_stats {
  uploaded_bytes: 27167
  total_bytes: 27975
}

2022-05-06 09:45:46,180 INFO    Thread-712:14504 [wandb_run.py:_on_finish():1996] got exit ret: file_counts {
  wandb_count: 6
}
pusher_stats {
  uploaded_bytes: 27167
  total_bytes: 27975
}

2022-05-06 09:45:46,297 INFO    Thread-712:14504 [wandb_run.py:_on_finish():1996] got exit ret: file_counts {
  wandb_count: 6
}
pusher_stats {
  uploaded_bytes: 27167
  total_bytes: 27975
}

2022-05-06 09:45:46,409 INFO    Thread-712:14504 [wandb_run.py:_on_finish():1996] got exit ret: file_counts {
  wandb_count: 6
}
pusher_stats {
  uploaded_bytes: 27167
  total_bytes: 27975
}

2022-05-06 09:45:46,516 INFO    Thread-712:14504 [wandb_run.py:_on_finish():1996] got exit ret: file_counts {
  wandb_count: 6
}
pusher_stats {
  uploaded_bytes: 27167
  total_bytes: 27975
}

2022-05-06 09:45:46,644 INFO    Thread-712:14504 [wandb_run.py:_on_finish():1996] got exit ret: file_counts {
  wandb_count: 6
}
pusher_stats {
  uploaded_bytes: 27975
  total_bytes: 27975
}

2022-05-06 09:45:46,762 INFO    Thread-712:14504 [wandb_run.py:_on_finish():1996] got exit ret: file_counts {
  wandb_count: 6
}
pusher_stats {
  uploaded_bytes: 27975
  total_bytes: 27975
}

2022-05-06 09:45:46,883 INFO    Thread-712:14504 [wandb_run.py:_on_finish():1996] got exit ret: file_counts {
  wandb_count: 6
}
pusher_stats {
  uploaded_bytes: 27975
  total_bytes: 27975
}

2022-05-06 09:45:46,988 INFO    Thread-712:14504 [wandb_run.py:_on_finish():1996] got exit ret: file_counts {
  wandb_count: 6
}
pusher_stats {
  uploaded_bytes: 27975
  total_bytes: 27975
}

2022-05-06 09:45:52,099 INFO    Thread-712:14504 [wandb_run.py:_on_finish():1996] got exit ret: None
2022-05-06 09:45:57,232 INFO    Thread-712:14504 [wandb_run.py:_on_finish():1996] got exit ret: None
2022-05-06 09:46:02,359 INFO    Thread-712:14504 [wandb_run.py:_on_finish():1996] got exit ret: None
2022-05-06 09:46:07,487 INFO    Thread-712:14504 [wandb_run.py:_on_finish():1996] got exit ret: None
2022-05-06 09:46:12,614 INFO    Thread-712:14504 [wandb_run.py:_on_finish():1996] got exit ret: None
2022-05-06 09:46:17,739 INFO    Thread-712:14504 [wandb_run.py:_on_finish():1996] got exit ret: None
2022-05-06 09:46:22,856 INFO    Thread-712:14504 [wandb_run.py:_on_finish():1996] got exit ret: None
2022-05-06 09:46:27,976 INFO    Thread-712:14504 [wandb_run.py:_on_finish():1996] got exit ret: None
2022-05-06 09:46:33,090 INFO    Thread-712:14504 [wandb_run.py:_on_finish():1996] got exit ret: None
2022-05-06 09:46:38,199 INFO    Thread-712:14504 [wandb_run.py:_on_finish():1996] got exit ret: None
2022-05-06 09:46:43,323 INFO    Thread-712:14504 [wandb_run.py:_on_finish():1996] got exit ret: None
2022-05-06 09:46:48,441 INFO    Thread-712:14504 [wandb_run.py:_on_finish():1996] got exit ret: None
2022-05-06 09:46:53,557 INFO    Thread-712:14504 [wandb_run.py:_on_finish():1996] got exit ret: None
2022-05-06 09:46:58,687 INFO    Thread-712:14504 [wandb_run.py:_on_finish():1996] got exit ret: None
2022-05-06 09:47:03,797 INFO    Thread-712:14504 [wandb_run.py:_on_finish():1996] got exit ret: None
2022-05-06 09:47:08,913 INFO    Thread-712:14504 [wandb_run.py:_on_finish():1996] got exit ret: None
2022-05-06 09:47:14,029 INFO    Thread-712:14504 [wandb_run.py:_on_finish():1996] got exit ret: None
2022-05-06 09:47:19,142 INFO    Thread-712:14504 [wandb_run.py:_on_finish():1996] got exit ret: None
2022-05-06 09:47:24,271 INFO    Thread-712:14504 [wandb_run.py:_on_finish():1996] got exit ret: None
2022-05-06 09:47:29,381 INFO    Thread-712:14504 [wandb_run.py:_on_finish():1996] got exit ret: None
2022-05-06 09:47:34,492 INFO    Thread-712:14504 [wandb_run.py:_on_finish():1996] got exit ret: None
2022-05-06 09:47:39,616 INFO    Thread-712:14504 [wandb_run.py:_on_finish():1996] got exit ret: None
2022-05-06 09:47:44,741 INFO    Thread-712:14504 [wandb_run.py:_on_finish():1996] got exit ret: None
2022-05-06 09:47:49,865 INFO    Thread-712:14504 [wandb_run.py:_on_finish():1996] got exit ret: None
2022-05-06 09:47:54,974 INFO    Thread-712:14504 [wandb_run.py:_on_finish():1996] got exit ret: None
2022-05-06 09:48:00,089 INFO    Thread-712:14504 [wandb_run.py:_on_finish():1996] got exit ret: None
2022-05-06 09:48:05,200 INFO    Thread-712:14504 [wandb_run.py:_on_finish():1996] got exit ret: None
2022-05-06 09:48:10,317 INFO    Thread-712:14504 [wandb_run.py:_on_finish():1996] got exit ret: None
2022-05-06 09:48:15,432 INFO    Thread-712:14504 [wandb_run.py:_on_finish():1996] got exit ret: None
2022-05-06 09:48:20,553 INFO    Thread-712:14504 [wandb_run.py:_on_finish():1996] got exit ret: None
2022-05-06 09:48:25,685 INFO    Thread-712:14504 [wandb_run.py:_on_finish():1996] got exit ret: None
2022-05-06 09:48:30,801 INFO    Thread-712:14504 [wandb_run.py:_on_finish():1996] got exit ret: None
2022-05-06 09:48:35,917 INFO    Thread-712:14504 [wandb_run.py:_on_finish():1996] got exit ret: None
2022-05-06 09:48:41,034 INFO    Thread-712:14504 [wandb_run.py:_on_finish():1996] got exit ret: None
2022-05-06 09:48:46,163 INFO    Thread-712:14504 [wandb_run.py:_on_finish():1996] got exit ret: None
2022-05-06 09:48:51,280 INFO    Thread-712:14504 [wandb_run.py:_on_finish():1996] got exit ret: None
2022-05-06 09:48:56,409 INFO    Thread-712:14504 [wandb_run.py:_on_finish():1996] got exit ret: None
2022-05-06 09:49:01,527 INFO    Thread-712:14504 [wandb_run.py:_on_finish():1996] got exit ret: None
2022-05-06 09:49:06,641 INFO    Thread-712:14504 [wandb_run.py:_on_finish():1996] got exit ret: None
2022-05-06 09:49:11,764 INFO    Thread-712:14504 [wandb_run.py:_on_finish():1996] got exit ret: None
2022-05-06 09:49:16,885 INFO    Thread-712:14504 [wandb_run.py:_on_finish():1996] got exit ret: None
2022-05-06 09:49:22,001 INFO    Thread-712:14504 [wandb_run.py:_on_finish():1996] got exit ret: None
2022-05-06 09:49:27,112 INFO    Thread-712:14504 [wandb_run.py:_on_finish():1996] got exit ret: None
2022-05-06 09:49:32,217 INFO    Thread-712:14504 [wandb_run.py:_on_finish():1996] got exit ret: None
2022-05-06 09:49:37,340 INFO    Thread-712:14504 [wandb_run.py:_on_finish():1996] got exit ret: None
2022-05-06 09:49:42,466 INFO    Thread-712:14504 [wandb_run.py:_on_finish():1996] got exit ret: None
2022-05-06 09:49:47,585 INFO    Thread-712:14504 [wandb_run.py:_on_finish():1996] got exit ret: None
2022-05-06 09:49:52,698 INFO    Thread-712:14504 [wandb_run.py:_on_finish():1996] got exit ret: None
2022-05-06 09:49:57,823 INFO    Thread-712:14504 [wandb_run.py:_on_finish():1996] got exit ret: None
2022-05-06 09:49:59,445 INFO    Thread-712:14504 [wandb_run.py:_on_finish():1996] got exit ret: file_counts {
  wandb_count: 6
}
pusher_stats {
  uploaded_bytes: 27975
  total_bytes: 27975
}

2022-05-06 09:50:00,057 INFO    Thread-712:14504 [wandb_run.py:_on_finish():1996] got exit ret: done: true
exit_result {
}
file_counts {
  wandb_count: 6
}
pusher_stats {
  uploaded_bytes: 27975
  total_bytes: 27975
}
local_info {
}

2022-05-06 09:50:01,636 INFO    Thread-712:14504 [wandb_run.py:_footer_history_summary_info():3104] rendering history
2022-05-06 09:50:01,637 INFO    Thread-712:14504 [wandb_run.py:_footer_history_summary_info():3136] rendering summary
2022-05-06 09:50:01,652 INFO    Thread-712:14504 [wandb_run.py:_footer_sync_info():3060] logging synced files
